{"D:\\Wproject8\\hexUtils.js": {"path":"D:\\Wproject8\\hexUtils.js","statementMap":{"0":{"start":{"line":6,"column":11},"end":{"line":6,"column":18}},"1":{"start":{"line":9,"column":12},"end":{"line":9,"column":17}},"2":{"start":{"line":12,"column":15},"end":{"line":12,"column":31}},"3":{"start":{"line":15,"column":18},"end":{"line":15,"column":26}},"4":{"start":{"line":18,"column":20},"end":{"line":18,"column":29}},"5":{"start":{"line":25,"column":23},"end":{"line":25,"column":44}},"6":{"start":{"line":28,"column":23},"end":{"line":28,"column":36}},"7":{"start":{"line":34,"column":27},"end":{"line":34,"column":31}},"8":{"start":{"line":35,"column":27},"end":{"line":35,"column":30}},"9":{"start":{"line":36,"column":27},"end":{"line":36,"column":28}},"10":{"start":{"line":37,"column":27},"end":{"line":37,"column":48}},"11":{"start":{"line":40,"column":25},"end":{"line":40,"column":54}},"12":{"start":{"line":43,"column":25},"end":{"line":43,"column":51}},"13":{"start":{"line":47,"column":14},"end":{"line":47,"column":57}},"14":{"start":{"line":48,"column":21},"end":{"line":48,"column":62}},"15":{"start":{"line":49,"column":20},"end":{"line":49,"column":80}},"16":{"start":{"line":50,"column":14},"end":{"line":50,"column":47}},"17":{"start":{"line":51,"column":21},"end":{"line":51,"column":58}},"18":{"start":{"line":52,"column":2},"end":{"line":52,"column":null}},"19":{"start":{"line":56,"column":16},"end":{"line":56,"column":44}},"20":{"start":{"line":57,"column":2},"end":{"line":57,"column":null}},"21":{"start":{"line":57,"column":16},"end":{"line":57,"column":null}},"22":{"start":{"line":58,"column":13},"end":{"line":58,"column":40}},"23":{"start":{"line":59,"column":13},"end":{"line":59,"column":28}},"24":{"start":{"line":60,"column":2},"end":{"line":60,"column":null}},"25":{"start":{"line":64,"column":2},"end":{"line":64,"column":null}},"26":{"start":{"line":68,"column":23},"end":{"line":72,"column":1}},"27":{"start":{"line":73,"column":22},"end":{"line":77,"column":1}},"28":{"start":{"line":81,"column":18},"end":{"line":81,"column":68}},"29":{"start":{"line":82,"column":2},"end":{"line":82,"column":null}},"30":{"start":{"line":82,"column":38},"end":{"line":82,"column":78}},"31":{"start":{"line":87,"column":12},"end":{"line":87,"column":15}},"32":{"start":{"line":88,"column":12},"end":{"line":88,"column":39}},"33":{"start":{"line":89,"column":12},"end":{"line":89,"column":18}},"34":{"start":{"line":90,"column":2},"end":{"line":90,"column":null}},"35":{"start":{"line":95,"column":13},"end":{"line":95,"column":39}},"36":{"start":{"line":96,"column":13},"end":{"line":96,"column":39}},"37":{"start":{"line":97,"column":2},"end":{"line":97,"column":null}},"38":{"start":{"line":101,"column":12},"end":{"line":101,"column":42}},"39":{"start":{"line":102,"column":12},"end":{"line":102,"column":80}},"40":{"start":{"line":103,"column":2},"end":{"line":103,"column":null}}},"fnMap":{"0":{"name":"pixelToHex","decl":{"start":{"line":46,"column":16},"end":{"line":46,"column":26}},"loc":{"start":{"line":46,"column":35},"end":{"line":53,"column":null}},"line":46},"1":{"name":"colToLetters","decl":{"start":{"line":55,"column":9},"end":{"line":55,"column":21}},"loc":{"start":{"line":55,"column":27},"end":{"line":61,"column":null}},"line":55},"2":{"name":"hexLabel","decl":{"start":{"line":63,"column":16},"end":{"line":63,"column":24}},"loc":{"start":{"line":63,"column":35},"end":{"line":65,"column":null}},"line":63},"3":{"name":"calcNearestHexes","decl":{"start":{"line":80,"column":16},"end":{"line":80,"column":32}},"loc":{"start":{"line":80,"column":38},"end":{"line":83,"column":null}},"line":80},"4":{"name":"(anonymous_4)","decl":{"start":{"line":82,"column":21},"end":{"line":82,"column":22}},"loc":{"start":{"line":82,"column":38},"end":{"line":82,"column":78}},"line":82},"5":{"name":"offsetToCube","decl":{"start":{"line":86,"column":9},"end":{"line":86,"column":21}},"loc":{"start":{"line":86,"column":32},"end":{"line":91,"column":null}},"line":86},"6":{"name":"hexDistance","decl":{"start":{"line":94,"column":16},"end":{"line":94,"column":27}},"loc":{"start":{"line":94,"column":34},"end":{"line":98,"column":null}},"line":94},"7":{"name":"hexToPixel","decl":{"start":{"line":100,"column":16},"end":{"line":100,"column":26}},"loc":{"start":{"line":100,"column":37},"end":{"line":104,"column":null}},"line":100}},"branchMap":{"0":{"loc":{"start":{"line":49,"column":42},"end":{"line":49,"column":79}},"type":"cond-expr","locations":[{"start":{"line":49,"column":65},"end":{"line":49,"column":75}},{"start":{"line":49,"column":78},"end":{"line":49,"column":79}}],"line":49},"1":{"loc":{"start":{"line":57,"column":2},"end":{"line":57,"column":null}},"type":"if","locations":[{"start":{"line":57,"column":2},"end":{"line":57,"column":null}},{"start":{},"end":{}}],"line":57},"2":{"loc":{"start":{"line":81,"column":18},"end":{"line":81,"column":68}},"type":"cond-expr","locations":[{"start":{"line":81,"column":38},"end":{"line":81,"column":52}},{"start":{"line":81,"column":55},"end":{"line":81,"column":68}}],"line":81},"3":{"loc":{"start":{"line":102,"column":49},"end":{"line":102,"column":79}},"type":"cond-expr","locations":[{"start":{"line":102,"column":65},"end":{"line":102,"column":75}},{"start":{"line":102,"column":78},"end":{"line":102,"column":79}}],"line":102}},"s":{"0":2,"1":2,"2":2,"3":2,"4":2,"5":2,"6":2,"7":2,"8":2,"9":2,"10":2,"11":2,"12":2,"13":3,"14":3,"15":3,"16":3,"17":3,"18":3,"19":23,"20":23,"21":17,"22":6,"23":6,"24":6,"25":23,"26":2,"27":2,"28":7,"29":7,"30":42,"31":32,"32":32,"33":32,"34":32,"35":16,"36":16,"37":16,"38":2,"39":2,"40":2},"f":{"0":3,"1":23,"2":23,"3":7,"4":42,"5":32,"6":16,"7":2},"b":{"0":[2,1],"1":[17,6],"2":[1,6],"3":[2,0]},"meta":{"lastBranch":4,"lastFunction":8,"lastStatement":41,"seen":{"s:6:11:6:18":0,"s:9:12:9:17":1,"s:12:15:12:31":2,"s:15:18:15:26":3,"s:18:20:18:29":4,"s:25:23:25:44":5,"s:28:23:28:36":6,"s:34:27:34:31":7,"s:35:27:35:30":8,"s:36:27:36:28":9,"s:37:27:37:48":10,"s:40:25:40:54":11,"s:43:25:43:51":12,"f:46:16:46:26":0,"s:47:14:47:57":13,"s:48:21:48:62":14,"s:49:20:49:80":15,"b:49:65:49:75:49:78:49:79":0,"s:50:14:50:47":16,"s:51:21:51:58":17,"s:52:2:52:Infinity":18,"f:55:9:55:21":1,"s:56:16:56:44":19,"b:57:2:57:Infinity:undefined:undefined:undefined:undefined":1,"s:57:2:57:Infinity":20,"s:57:16:57:Infinity":21,"s:58:13:58:40":22,"s:59:13:59:28":23,"s:60:2:60:Infinity":24,"f:63:16:63:24":2,"s:64:2:64:Infinity":25,"s:68:23:72:1":26,"s:73:22:77:1":27,"f:80:16:80:32":3,"s:81:18:81:68":28,"b:81:38:81:52:81:55:81:68":2,"s:82:2:82:Infinity":29,"f:82:21:82:22":4,"s:82:38:82:78":30,"f:86:9:86:21":5,"s:87:12:87:15":31,"s:88:12:88:39":32,"s:89:12:89:18":33,"s:90:2:90:Infinity":34,"f:94:16:94:27":6,"s:95:13:95:39":35,"s:96:13:96:39":36,"s:97:2:97:Infinity":37,"f:100:16:100:26":7,"s:101:12:101:42":38,"s:102:12:102:80":39,"b:102:65:102:75:102:78:102:79":3,"s:103:2:103:Infinity":40}}}
,"D:\\Wproject8\\hexmap.js": {"path":"D:\\Wproject8\\hexmap.js","statementMap":{"0":{"start":{"line":3,"column":22},"end":{"line":166,"column":1}}},"fnMap":{},"branchMap":{},"s":{"0":1},"f":{},"b":{},"meta":{"lastBranch":0,"lastFunction":0,"lastStatement":1,"seen":{"s:3:22:166:1":0}}}
,"D:\\Wproject8\\rules.js": {"path":"D:\\Wproject8\\rules.js","statementMap":{"0":{"start":{"line":5,"column":12},"end":{"line":15,"column":1}},"1":{"start":{"line":18,"column":21},"end":{"line":28,"column":1}},"2":{"start":{"line":32,"column":15},"end":{"line":32,"column":54}},"3":{"start":{"line":33,"column":2},"end":{"line":33,"column":null}},"4":{"start":{"line":38,"column":18},"end":{"line":38,"column":58}},"5":{"start":{"line":39,"column":2},"end":{"line":39,"column":null}},"6":{"start":{"line":46,"column":21},"end":{"line":46,"column":60}},"7":{"start":{"line":48,"column":22},"end":{"line":48,"column":47}},"8":{"start":{"line":51,"column":2},"end":{"line":51,"column":null}},"9":{"start":{"line":51,"column":23},"end":{"line":51,"column":null}},"10":{"start":{"line":54,"column":2},"end":{"line":73,"column":null}},"11":{"start":{"line":56,"column":19},"end":{"line":56,"column":63}},"12":{"start":{"line":56,"column":45},"end":{"line":56,"column":62}},"13":{"start":{"line":60,"column":4},"end":{"line":64,"column":null}},"14":{"start":{"line":61,"column":6},"end":{"line":61,"column":null}},"15":{"start":{"line":63,"column":6},"end":{"line":63,"column":null}},"16":{"start":{"line":63,"column":45},"end":{"line":63,"column":65}},"17":{"start":{"line":67,"column":23},"end":{"line":67,"column":58}},"18":{"start":{"line":68,"column":24},"end":{"line":68,"column":47}},"19":{"start":{"line":69,"column":24},"end":{"line":69,"column":89}},"20":{"start":{"line":71,"column":4},"end":{"line":71,"column":null}},"21":{"start":{"line":71,"column":19},"end":{"line":71,"column":null}},"22":{"start":{"line":72,"column":4},"end":{"line":72,"column":null}},"23":{"start":{"line":76,"column":2},"end":{"line":76,"column":null}},"24":{"start":{"line":76,"column":34},"end":{"line":76,"column":null}},"25":{"start":{"line":78,"column":2},"end":{"line":78,"column":null}},"26":{"start":{"line":78,"column":44},"end":{"line":78,"column":64}},"27":{"start":{"line":83,"column":2},"end":{"line":83,"column":null}},"28":{"start":{"line":83,"column":33},"end":{"line":83,"column":53}},"29":{"start":{"line":90,"column":2},"end":{"line":90,"column":null}},"30":{"start":{"line":90,"column":30},"end":{"line":90,"column":null}},"31":{"start":{"line":92,"column":18},"end":{"line":92,"column":35}},"32":{"start":{"line":93,"column":2},"end":{"line":97,"column":null}},"33":{"start":{"line":94,"column":21},"end":{"line":94,"column":34}},"34":{"start":{"line":95,"column":4},"end":{"line":95,"column":null}},"35":{"start":{"line":95,"column":70},"end":{"line":95,"column":null}},"36":{"start":{"line":96,"column":4},"end":{"line":96,"column":null}},"37":{"start":{"line":96,"column":48},"end":{"line":96,"column":94}},"38":{"start":{"line":102,"column":20},"end":{"line":102,"column":41}},"39":{"start":{"line":103,"column":19},"end":{"line":103,"column":45}},"40":{"start":{"line":104,"column":2},"end":{"line":104,"column":null}},"41":{"start":{"line":104,"column":29},"end":{"line":104,"column":81}},"42":{"start":{"line":109,"column":12},"end":{"line":109,"column":21}},"43":{"start":{"line":110,"column":2},"end":{"line":110,"column":null}},"44":{"start":{"line":110,"column":49},"end":{"line":110,"column":null}},"45":{"start":{"line":111,"column":2},"end":{"line":111,"column":null}},"46":{"start":{"line":111,"column":56},"end":{"line":111,"column":null}},"47":{"start":{"line":112,"column":2},"end":{"line":112,"column":null}},"48":{"start":{"line":112,"column":26},"end":{"line":112,"column":null}},"49":{"start":{"line":113,"column":2},"end":{"line":113,"column":null}},"50":{"start":{"line":117,"column":20},"end":{"line":117,"column":21}},"51":{"start":{"line":118,"column":20},"end":{"line":118,"column":21}},"52":{"start":{"line":120,"column":2},"end":{"line":129,"column":null}},"53":{"start":{"line":121,"column":14},"end":{"line":121,"column":23}},"54":{"start":{"line":122,"column":4},"end":{"line":128,"column":null}},"55":{"start":{"line":123,"column":6},"end":{"line":123,"column":null}},"56":{"start":{"line":124,"column":11},"end":{"line":128,"column":null}},"57":{"start":{"line":126,"column":19},"end":{"line":126,"column":62}},"58":{"start":{"line":127,"column":6},"end":{"line":127,"column":null}},"59":{"start":{"line":131,"column":2},"end":{"line":131,"column":null}},"60":{"start":{"line":131,"column":23},"end":{"line":131,"column":null}},"61":{"start":{"line":132,"column":2},"end":{"line":132,"column":null}},"62":{"start":{"line":132,"column":23},"end":{"line":132,"column":null}},"63":{"start":{"line":133,"column":2},"end":{"line":133,"column":null}},"64":{"start":{"line":138,"column":2},"end":{"line":138,"column":null}},"65":{"start":{"line":144,"column":12},"end":{"line":156,"column":1}},"66":{"start":{"line":159,"column":20},"end":{"line":159,"column":59}},"67":{"start":{"line":163,"column":12},"end":{"line":163,"column":13}},"68":{"start":{"line":164,"column":2},"end":{"line":167,"column":null}},"69":{"start":{"line":165,"column":4},"end":{"line":166,"column":null}},"70":{"start":{"line":165,"column":17},"end":{"line":165,"column":null}},"71":{"start":{"line":166,"column":9},"end":{"line":166,"column":null}},"72":{"start":{"line":168,"column":2},"end":{"line":168,"column":null}},"73":{"start":{"line":174,"column":14},"end":{"line":174,"column":30}},"74":{"start":{"line":175,"column":2},"end":{"line":175,"column":null}},"75":{"start":{"line":180,"column":14},"end":{"line":180,"column":47}},"76":{"start":{"line":181,"column":15},"end":{"line":181,"column":29}},"77":{"start":{"line":182,"column":15},"end":{"line":182,"column":25}},"78":{"start":{"line":184,"column":2},"end":{"line":184,"column":31}},"79":{"start":{"line":184,"column":22},"end":{"line":184,"column":31}},"80":{"start":{"line":185,"column":2},"end":{"line":185,"column":36}},"81":{"start":{"line":185,"column":22},"end":{"line":185,"column":36}},"82":{"start":{"line":186,"column":2},"end":{"line":186,"column":32}},"83":{"start":{"line":186,"column":22},"end":{"line":186,"column":32}},"84":{"start":{"line":187,"column":2},"end":{"line":187,"column":16}},"85":{"start":{"line":192,"column":12},"end":{"line":192,"column":13}},"86":{"start":{"line":193,"column":2},"end":{"line":195,"column":null}},"87":{"start":{"line":194,"column":4},"end":{"line":194,"column":null}},"88":{"start":{"line":196,"column":2},"end":{"line":196,"column":null}},"89":{"start":{"line":203,"column":14},"end":{"line":203,"column":50}},"90":{"start":{"line":204,"column":14},"end":{"line":204,"column":30}},"91":{"start":{"line":205,"column":14},"end":{"line":205,"column":22}},"92":{"start":{"line":208,"column":14},"end":{"line":208,"column":23}},"93":{"start":{"line":209,"column":14},"end":{"line":209,"column":16}},"94":{"start":{"line":211,"column":2},"end":{"line":211,"column":null}},"95":{"start":{"line":213,"column":2},"end":{"line":216,"column":null}},"96":{"start":{"line":214,"column":4},"end":{"line":214,"column":null}},"97":{"start":{"line":215,"column":4},"end":{"line":215,"column":null}},"98":{"start":{"line":217,"column":2},"end":{"line":217,"column":null}},"99":{"start":{"line":218,"column":2},"end":{"line":218,"column":null}},"100":{"start":{"line":223,"column":2},"end":{"line":223,"column":null}},"101":{"start":{"line":228,"column":2},"end":{"line":228,"column":null}},"102":{"start":{"line":237,"column":17},"end":{"line":237,"column":19}},"103":{"start":{"line":238,"column":2},"end":{"line":238,"column":38}},"104":{"start":{"line":238,"column":24},"end":{"line":238,"column":38}},"105":{"start":{"line":240,"column":20},"end":{"line":240,"column":26}},"106":{"start":{"line":242,"column":2},"end":{"line":301,"column":null}},"107":{"start":{"line":245,"column":6},"end":{"line":249,"column":null}},"108":{"start":{"line":246,"column":19},"end":{"line":246,"column":32}},"109":{"start":{"line":247,"column":8},"end":{"line":247,"column":null}},"110":{"start":{"line":248,"column":8},"end":{"line":248,"column":null}},"111":{"start":{"line":248,"column":27},"end":{"line":248,"column":null}},"112":{"start":{"line":250,"column":6},"end":{"line":250,"column":null}},"113":{"start":{"line":255,"column":6},"end":{"line":260,"column":null}},"114":{"start":{"line":256,"column":8},"end":{"line":256,"column":null}},"115":{"start":{"line":256,"column":34},"end":{"line":256,"column":null}},"116":{"start":{"line":257,"column":19},"end":{"line":257,"column":28}},"117":{"start":{"line":258,"column":8},"end":{"line":258,"column":null}},"118":{"start":{"line":259,"column":8},"end":{"line":259,"column":null}},"119":{"start":{"line":259,"column":27},"end":{"line":259,"column":null}},"120":{"start":{"line":261,"column":6},"end":{"line":261,"column":null}},"121":{"start":{"line":266,"column":24},"end":{"line":266,"column":68}},"122":{"start":{"line":266,"column":48},"end":{"line":266,"column":67}},"123":{"start":{"line":267,"column":24},"end":{"line":267,"column":44}},"124":{"start":{"line":268,"column":24},"end":{"line":268,"column":41}},"125":{"start":{"line":269,"column":6},"end":{"line":269,"column":null}},"126":{"start":{"line":269,"column":29},"end":{"line":269,"column":56}},"127":{"start":{"line":270,"column":6},"end":{"line":270,"column":null}},"128":{"start":{"line":270,"column":29},"end":{"line":270,"column":52}},"129":{"start":{"line":271,"column":6},"end":{"line":271,"column":null}},"130":{"start":{"line":276,"column":21},"end":{"line":276,"column":63}},"131":{"start":{"line":277,"column":21},"end":{"line":277,"column":33}},"132":{"start":{"line":278,"column":21},"end":{"line":278,"column":56}},"133":{"start":{"line":278,"column":46},"end":{"line":278,"column":55}},"134":{"start":{"line":280,"column":6},"end":{"line":292,"column":null}},"135":{"start":{"line":282,"column":19},"end":{"line":282,"column":27}},"136":{"start":{"line":283,"column":8},"end":{"line":283,"column":null}},"137":{"start":{"line":284,"column":8},"end":{"line":284,"column":null}},"138":{"start":{"line":285,"column":13},"end":{"line":292,"column":null}},"139":{"start":{"line":286,"column":8},"end":{"line":286,"column":null}},"140":{"start":{"line":287,"column":8},"end":{"line":287,"column":null}},"141":{"start":{"line":290,"column":8},"end":{"line":290,"column":null}},"142":{"start":{"line":291,"column":8},"end":{"line":291,"column":null}},"143":{"start":{"line":294,"column":6},"end":{"line":298,"column":null}},"144":{"start":{"line":295,"column":19},"end":{"line":295,"column":32}},"145":{"start":{"line":296,"column":8},"end":{"line":296,"column":null}},"146":{"start":{"line":297,"column":8},"end":{"line":297,"column":null}},"147":{"start":{"line":297,"column":27},"end":{"line":297,"column":null}},"148":{"start":{"line":299,"column":6},"end":{"line":299,"column":null}},"149":{"start":{"line":303,"column":2},"end":{"line":303,"column":null}},"150":{"start":{"line":308,"column":18},"end":{"line":308,"column":58}},"151":{"start":{"line":309,"column":2},"end":{"line":309,"column":null}},"152":{"start":{"line":309,"column":28},"end":{"line":309,"column":null}},"153":{"start":{"line":310,"column":2},"end":{"line":310,"column":null}},"154":{"start":{"line":310,"column":41},"end":{"line":310,"column":52}},"155":{"start":{"line":318,"column":18},"end":{"line":318,"column":36}},"156":{"start":{"line":319,"column":18},"end":{"line":319,"column":64}},"157":{"start":{"line":320,"column":18},"end":{"line":320,"column":51}},"158":{"start":{"line":321,"column":2},"end":{"line":321,"column":null}},"159":{"start":{"line":326,"column":21},"end":{"line":326,"column":74}},"160":{"start":{"line":326,"column":46},"end":{"line":326,"column":73}},"161":{"start":{"line":327,"column":21},"end":{"line":327,"column":73}},"162":{"start":{"line":327,"column":46},"end":{"line":327,"column":72}},"163":{"start":{"line":328,"column":21},"end":{"line":328,"column":23}},"164":{"start":{"line":330,"column":2},"end":{"line":338,"column":null}},"165":{"start":{"line":331,"column":22},"end":{"line":331,"column":38}},"166":{"start":{"line":333,"column":22},"end":{"line":336,"column":5}},"167":{"start":{"line":334,"column":6},"end":{"line":335,"column":null}},"168":{"start":{"line":337,"column":4},"end":{"line":337,"column":null}},"169":{"start":{"line":337,"column":19},"end":{"line":337,"column":null}},"170":{"start":{"line":340,"column":2},"end":{"line":340,"column":null}}},"fnMap":{"0":{"name":"hasWoodsRoad","decl":{"start":{"line":31,"column":16},"end":{"line":31,"column":28}},"loc":{"start":{"line":31,"column":40},"end":{"line":34,"column":null}},"line":31},"1":{"name":"isRoadHex","decl":{"start":{"line":37,"column":16},"end":{"line":37,"column":25}},"loc":{"start":{"line":37,"column":31},"end":{"line":40,"column":null}},"line":37},"2":{"name":"checkCost","decl":{"start":{"line":44,"column":16},"end":{"line":44,"column":25}},"loc":{"start":{"line":44,"column":70},"end":{"line":79,"column":null}},"line":44},"3":{"name":"(anonymous_3)","decl":{"start":{"line":56,"column":40},"end":{"line":56,"column":41}},"loc":{"start":{"line":56,"column":45},"end":{"line":56,"column":62}},"line":56},"4":{"name":"(anonymous_4)","decl":{"start":{"line":63,"column":40},"end":{"line":63,"column":41}},"loc":{"start":{"line":63,"column":45},"end":{"line":63,"column":65}},"line":63},"5":{"name":"(anonymous_5)","decl":{"start":{"line":78,"column":39},"end":{"line":78,"column":40}},"loc":{"start":{"line":78,"column":44},"end":{"line":78,"column":64}},"line":78},"6":{"name":"checkMovement","decl":{"start":{"line":82,"column":16},"end":{"line":82,"column":29}},"loc":{"start":{"line":82,"column":60},"end":{"line":84,"column":null}},"line":82},"7":{"name":"(anonymous_7)","decl":{"start":{"line":83,"column":27},"end":{"line":83,"column":29}},"loc":{"start":{"line":83,"column":33},"end":{"line":83,"column":53}},"line":83},"8":{"name":"checkAddingToFG","decl":{"start":{"line":89,"column":16},"end":{"line":89,"column":31}},"loc":{"start":{"line":89,"column":58},"end":{"line":98,"column":null}},"line":89},"9":{"name":"(anonymous_9)","decl":{"start":{"line":93,"column":24},"end":{"line":93,"column":26}},"loc":{"start":{"line":93,"column":30},"end":{"line":97,"column":3}},"line":93},"10":{"name":"(anonymous_10)","decl":{"start":{"line":96,"column":43},"end":{"line":96,"column":44}},"loc":{"start":{"line":96,"column":48},"end":{"line":96,"column":94}},"line":96},"11":{"name":"checkIsNearestHex","decl":{"start":{"line":101,"column":16},"end":{"line":101,"column":33}},"loc":{"start":{"line":101,"column":65},"end":{"line":105,"column":null}},"line":101},"12":{"name":"(anonymous_12)","decl":{"start":{"line":104,"column":24},"end":{"line":104,"column":25}},"loc":{"start":{"line":104,"column":29},"end":{"line":104,"column":81}},"line":104},"13":{"name":"checkDoubleTimeCapability","decl":{"start":{"line":108,"column":16},"end":{"line":108,"column":41}},"loc":{"start":{"line":108,"column":53},"end":{"line":114,"column":null}},"line":108},"14":{"name":"checkOverstack","decl":{"start":{"line":116,"column":16},"end":{"line":116,"column":30}},"loc":{"start":{"line":116,"column":47},"end":{"line":134,"column":null}},"line":116},"15":{"name":"(anonymous_15)","decl":{"start":{"line":120,"column":18},"end":{"line":120,"column":20}},"loc":{"start":{"line":120,"column":24},"end":{"line":129,"column":3}},"line":120},"16":{"name":"calcLeadBonus","decl":{"start":{"line":137,"column":16},"end":{"line":137,"column":29}},"loc":{"start":{"line":137,"column":32},"end":{"line":139,"column":null}},"line":137},"17":{"name":"getIFTColumn","decl":{"start":{"line":162,"column":16},"end":{"line":162,"column":28}},"loc":{"start":{"line":162,"column":33},"end":{"line":169,"column":null}},"line":162},"18":{"name":"lookupIFT","decl":{"start":{"line":173,"column":16},"end":{"line":173,"column":25}},"loc":{"start":{"line":173,"column":34},"end":{"line":176,"column":null}},"line":173},"19":{"name":"calcFirepower","decl":{"start":{"line":179,"column":16},"end":{"line":179,"column":29}},"loc":{"start":{"line":179,"column":47},"end":{"line":188,"column":null}},"line":179},"20":{"name":"calcTotalFirepower","decl":{"start":{"line":191,"column":16},"end":{"line":191,"column":34}},"loc":{"start":{"line":191,"column":53},"end":{"line":197,"column":null}},"line":191},"21":{"name":"calcFireEffect","decl":{"start":{"line":202,"column":16},"end":{"line":202,"column":30}},"loc":{"start":{"line":202,"column":54},"end":{"line":219,"column":null}},"line":202},"22":{"name":"roll2d6","decl":{"start":{"line":222,"column":9},"end":{"line":222,"column":16}},"loc":{"start":{"line":222,"column":19},"end":{"line":224,"column":null}},"line":222},"23":{"name":"rollD6","decl":{"start":{"line":227,"column":9},"end":{"line":227,"column":15}},"loc":{"start":{"line":227,"column":18},"end":{"line":229,"column":null}},"line":227},"24":{"name":"applyFireEffect","decl":{"start":{"line":236,"column":16},"end":{"line":236,"column":31}},"loc":{"start":{"line":236,"column":49},"end":{"line":304,"column":null}},"line":236},"25":{"name":"(anonymous_25)","decl":{"start":{"line":245,"column":22},"end":{"line":245,"column":23}},"loc":{"start":{"line":245,"column":27},"end":{"line":249,"column":7}},"line":245},"26":{"name":"(anonymous_26)","decl":{"start":{"line":255,"column":22},"end":{"line":255,"column":23}},"loc":{"start":{"line":255,"column":27},"end":{"line":260,"column":7}},"line":255},"27":{"name":"(anonymous_27)","decl":{"start":{"line":266,"column":42},"end":{"line":266,"column":43}},"loc":{"start":{"line":266,"column":48},"end":{"line":266,"column":67}},"line":266},"28":{"name":"(anonymous_28)","decl":{"start":{"line":269,"column":21},"end":{"line":269,"column":22}},"loc":{"start":{"line":269,"column":29},"end":{"line":269,"column":56}},"line":269},"29":{"name":"(anonymous_29)","decl":{"start":{"line":270,"column":24},"end":{"line":270,"column":25}},"loc":{"start":{"line":270,"column":29},"end":{"line":270,"column":52}},"line":270},"30":{"name":"(anonymous_30)","decl":{"start":{"line":278,"column":36},"end":{"line":278,"column":37}},"loc":{"start":{"line":278,"column":46},"end":{"line":278,"column":55}},"line":278},"31":{"name":"(anonymous_31)","decl":{"start":{"line":294,"column":21},"end":{"line":294,"column":22}},"loc":{"start":{"line":294,"column":26},"end":{"line":298,"column":7}},"line":294},"32":{"name":"calcTEM","decl":{"start":{"line":307,"column":16},"end":{"line":307,"column":23}},"loc":{"start":{"line":307,"column":29},"end":{"line":311,"column":null}},"line":307},"33":{"name":"(anonymous_33)","decl":{"start":{"line":310,"column":36},"end":{"line":310,"column":37}},"loc":{"start":{"line":310,"column":41},"end":{"line":310,"column":52}},"line":310},"34":{"name":"defensiveFF","decl":{"start":{"line":317,"column":16},"end":{"line":317,"column":27}},"loc":{"start":{"line":317,"column":65},"end":{"line":322,"column":null}},"line":317},"35":{"name":"getLeaderBonusRecipients","decl":{"start":{"line":325,"column":16},"end":{"line":325,"column":40}},"loc":{"start":{"line":325,"column":61},"end":{"line":341,"column":null}},"line":325},"36":{"name":"(anonymous_36)","decl":{"start":{"line":326,"column":40},"end":{"line":326,"column":42}},"loc":{"start":{"line":326,"column":46},"end":{"line":326,"column":73}},"line":326},"37":{"name":"(anonymous_37)","decl":{"start":{"line":327,"column":40},"end":{"line":327,"column":42}},"loc":{"start":{"line":327,"column":46},"end":{"line":327,"column":72}},"line":327},"38":{"name":"(anonymous_38)","decl":{"start":{"line":330,"column":15},"end":{"line":330,"column":20}},"loc":{"start":{"line":330,"column":24},"end":{"line":338,"column":3}},"line":330},"39":{"name":"(anonymous_39)","decl":{"start":{"line":333,"column":35},"end":{"line":333,"column":38}},"loc":{"start":{"line":334,"column":6},"end":{"line":335,"column":null}},"line":334}},"branchMap":{"0":{"loc":{"start":{"line":33,"column":10},"end":{"line":33,"column":29}},"type":"binary-expr","locations":[{"start":{"line":33,"column":10},"end":{"line":33,"column":23}},{"start":{"line":33,"column":27},"end":{"line":33,"column":29}}],"line":33},"1":{"loc":{"start":{"line":38,"column":18},"end":{"line":38,"column":58}},"type":"binary-expr","locations":[{"start":{"line":38,"column":18},"end":{"line":38,"column":52}},{"start":{"line":38,"column":56},"end":{"line":38,"column":58}}],"line":38},"2":{"loc":{"start":{"line":39,"column":9},"end":{"line":39,"column":70}},"type":"binary-expr","locations":[{"start":{"line":39,"column":9},"end":{"line":39,"column":37}},{"start":{"line":39,"column":41},"end":{"line":39,"column":70}}],"line":39},"3":{"loc":{"start":{"line":44,"column":46},"end":{"line":44,"column":68}},"type":"default-arg","locations":[{"start":{"line":44,"column":64},"end":{"line":44,"column":68}}],"line":44},"4":{"loc":{"start":{"line":48,"column":22},"end":{"line":48,"column":47}},"type":"binary-expr","locations":[{"start":{"line":48,"column":22},"end":{"line":48,"column":41}},{"start":{"line":48,"column":45},"end":{"line":48,"column":47}}],"line":48},"5":{"loc":{"start":{"line":51,"column":2},"end":{"line":51,"column":null}},"type":"if","locations":[{"start":{"line":51,"column":2},"end":{"line":51,"column":null}},{"start":{},"end":{}}],"line":51},"6":{"loc":{"start":{"line":54,"column":2},"end":{"line":73,"column":null}},"type":"if","locations":[{"start":{"line":54,"column":2},"end":{"line":73,"column":null}},{"start":{},"end":{}}],"line":54},"7":{"loc":{"start":{"line":60,"column":4},"end":{"line":64,"column":null}},"type":"if","locations":[{"start":{"line":60,"column":4},"end":{"line":64,"column":null}},{"start":{"line":62,"column":11},"end":{"line":64,"column":null}}],"line":60},"8":{"loc":{"start":{"line":63,"column":45},"end":{"line":63,"column":65}},"type":"binary-expr","locations":[{"start":{"line":63,"column":45},"end":{"line":63,"column":60}},{"start":{"line":63,"column":64},"end":{"line":63,"column":65}}],"line":63},"9":{"loc":{"start":{"line":68,"column":24},"end":{"line":68,"column":47}},"type":"binary-expr","locations":[{"start":{"line":68,"column":24},"end":{"line":68,"column":41}},{"start":{"line":68,"column":45},"end":{"line":68,"column":47}}],"line":68},"10":{"loc":{"start":{"line":69,"column":24},"end":{"line":69,"column":89}},"type":"binary-expr","locations":[{"start":{"line":69,"column":24},"end":{"line":69,"column":52}},{"start":{"line":69,"column":56},"end":{"line":69,"column":89}}],"line":69},"11":{"loc":{"start":{"line":71,"column":4},"end":{"line":71,"column":null}},"type":"if","locations":[{"start":{"line":71,"column":4},"end":{"line":71,"column":null}},{"start":{},"end":{}}],"line":71},"12":{"loc":{"start":{"line":76,"column":2},"end":{"line":76,"column":null}},"type":"if","locations":[{"start":{"line":76,"column":2},"end":{"line":76,"column":null}},{"start":{},"end":{}}],"line":76},"13":{"loc":{"start":{"line":78,"column":44},"end":{"line":78,"column":64}},"type":"binary-expr","locations":[{"start":{"line":78,"column":44},"end":{"line":78,"column":59}},{"start":{"line":78,"column":63},"end":{"line":78,"column":64}}],"line":78},"14":{"loc":{"start":{"line":82,"column":50},"end":{"line":82,"column":58}},"type":"default-arg","locations":[{"start":{"line":82,"column":57},"end":{"line":82,"column":58}}],"line":82},"15":{"loc":{"start":{"line":90,"column":2},"end":{"line":90,"column":null}},"type":"if","locations":[{"start":{"line":90,"column":2},"end":{"line":90,"column":null}},{"start":{},"end":{}}],"line":90},"16":{"loc":{"start":{"line":95,"column":4},"end":{"line":95,"column":null}},"type":"if","locations":[{"start":{"line":95,"column":4},"end":{"line":95,"column":null}},{"start":{},"end":{}}],"line":95},"17":{"loc":{"start":{"line":95,"column":8},"end":{"line":95,"column":68}},"type":"binary-expr","locations":[{"start":{"line":95,"column":8},"end":{"line":95,"column":36}},{"start":{"line":95,"column":40},"end":{"line":95,"column":68}}],"line":95},"18":{"loc":{"start":{"line":96,"column":48},"end":{"line":96,"column":94}},"type":"binary-expr","locations":[{"start":{"line":96,"column":48},"end":{"line":96,"column":69}},{"start":{"line":96,"column":73},"end":{"line":96,"column":94}}],"line":96},"19":{"loc":{"start":{"line":104,"column":29},"end":{"line":104,"column":81}},"type":"binary-expr","locations":[{"start":{"line":104,"column":29},"end":{"line":104,"column":53}},{"start":{"line":104,"column":57},"end":{"line":104,"column":81}}],"line":104},"20":{"loc":{"start":{"line":110,"column":2},"end":{"line":110,"column":null}},"type":"if","locations":[{"start":{"line":110,"column":2},"end":{"line":110,"column":null}},{"start":{},"end":{}}],"line":110},"21":{"loc":{"start":{"line":110,"column":6},"end":{"line":110,"column":47}},"type":"binary-expr","locations":[{"start":{"line":110,"column":6},"end":{"line":110,"column":24}},{"start":{"line":110,"column":28},"end":{"line":110,"column":47}}],"line":110},"22":{"loc":{"start":{"line":111,"column":2},"end":{"line":111,"column":null}},"type":"if","locations":[{"start":{"line":111,"column":2},"end":{"line":111,"column":null}},{"start":{},"end":{}}],"line":111},"23":{"loc":{"start":{"line":111,"column":6},"end":{"line":111,"column":54}},"type":"binary-expr","locations":[{"start":{"line":111,"column":6},"end":{"line":111,"column":14}},{"start":{"line":111,"column":18},"end":{"line":111,"column":26}},{"start":{"line":111,"column":30},"end":{"line":111,"column":39}},{"start":{"line":111,"column":43},"end":{"line":111,"column":54}}],"line":111},"24":{"loc":{"start":{"line":112,"column":2},"end":{"line":112,"column":null}},"type":"if","locations":[{"start":{"line":112,"column":2},"end":{"line":112,"column":null}},{"start":{},"end":{}}],"line":112},"25":{"loc":{"start":{"line":122,"column":4},"end":{"line":128,"column":null}},"type":"if","locations":[{"start":{"line":122,"column":4},"end":{"line":128,"column":null}},{"start":{"line":124,"column":11},"end":{"line":128,"column":null}}],"line":122},"26":{"loc":{"start":{"line":124,"column":11},"end":{"line":128,"column":null}},"type":"if","locations":[{"start":{"line":124,"column":11},"end":{"line":128,"column":null}},{"start":{},"end":{}}],"line":124},"27":{"loc":{"start":{"line":126,"column":19},"end":{"line":126,"column":62}},"type":"binary-expr","locations":[{"start":{"line":126,"column":19},"end":{"line":126,"column":41}},{"start":{"line":126,"column":45},"end":{"line":126,"column":62}}],"line":126},"28":{"loc":{"start":{"line":127,"column":20},"end":{"line":127,"column":34}},"type":"cond-expr","locations":[{"start":{"line":127,"column":27},"end":{"line":127,"column":30}},{"start":{"line":127,"column":33},"end":{"line":127,"column":34}}],"line":127},"29":{"loc":{"start":{"line":131,"column":2},"end":{"line":131,"column":null}},"type":"if","locations":[{"start":{"line":131,"column":2},"end":{"line":131,"column":null}},{"start":{},"end":{}}],"line":131},"30":{"loc":{"start":{"line":132,"column":2},"end":{"line":132,"column":null}},"type":"if","locations":[{"start":{"line":132,"column":2},"end":{"line":132,"column":null}},{"start":{},"end":{}}],"line":132},"31":{"loc":{"start":{"line":165,"column":4},"end":{"line":166,"column":null}},"type":"if","locations":[{"start":{"line":165,"column":4},"end":{"line":166,"column":null}},{"start":{"line":166,"column":9},"end":{"line":166,"column":null}}],"line":165},"32":{"loc":{"start":{"line":175,"column":9},"end":{"line":175,"column":33}},"type":"binary-expr","locations":[{"start":{"line":175,"column":9},"end":{"line":175,"column":25}},{"start":{"line":175,"column":29},"end":{"line":175,"column":33}}],"line":175},"33":{"loc":{"start":{"line":184,"column":2},"end":{"line":184,"column":31}},"type":"if","locations":[{"start":{"line":184,"column":2},"end":{"line":184,"column":31}},{"start":{},"end":{}}],"line":184},"34":{"loc":{"start":{"line":185,"column":2},"end":{"line":185,"column":36}},"type":"if","locations":[{"start":{"line":185,"column":2},"end":{"line":185,"column":36}},{"start":{},"end":{}}],"line":185},"35":{"loc":{"start":{"line":186,"column":2},"end":{"line":186,"column":32}},"type":"if","locations":[{"start":{"line":186,"column":2},"end":{"line":186,"column":32}},{"start":{},"end":{}}],"line":186},"36":{"loc":{"start":{"line":213,"column":2},"end":{"line":216,"column":null}},"type":"if","locations":[{"start":{"line":213,"column":2},"end":{"line":216,"column":null}},{"start":{},"end":{}}],"line":213},"37":{"loc":{"start":{"line":238,"column":2},"end":{"line":238,"column":38}},"type":"if","locations":[{"start":{"line":238,"column":2},"end":{"line":238,"column":38}},{"start":{},"end":{}}],"line":238},"38":{"loc":{"start":{"line":242,"column":2},"end":{"line":301,"column":null}},"type":"switch","locations":[{"start":{"line":243,"column":4},"end":{"line":251,"column":null}},{"start":{"line":253,"column":4},"end":{"line":262,"column":null}},{"start":{"line":264,"column":4},"end":{"line":272,"column":null}},{"start":{"line":274,"column":4},"end":{"line":300,"column":null}}],"line":242},"39":{"loc":{"start":{"line":247,"column":70},"end":{"line":247,"column":101}},"type":"cond-expr","locations":[{"start":{"line":247,"column":86},"end":{"line":247,"column":94}},{"start":{"line":247,"column":97},"end":{"line":247,"column":101}}],"line":247},"40":{"loc":{"start":{"line":248,"column":8},"end":{"line":248,"column":null}},"type":"if","locations":[{"start":{"line":248,"column":8},"end":{"line":248,"column":null}},{"start":{},"end":{}}],"line":248},"41":{"loc":{"start":{"line":256,"column":8},"end":{"line":256,"column":null}},"type":"if","locations":[{"start":{"line":256,"column":8},"end":{"line":256,"column":null}},{"start":{},"end":{}}],"line":256},"42":{"loc":{"start":{"line":256,"column":12},"end":{"line":256,"column":32}},"type":"binary-expr","locations":[{"start":{"line":256,"column":12},"end":{"line":256,"column":20}},{"start":{"line":256,"column":24},"end":{"line":256,"column":32}}],"line":256},"43":{"loc":{"start":{"line":258,"column":69},"end":{"line":258,"column":100}},"type":"cond-expr","locations":[{"start":{"line":258,"column":85},"end":{"line":258,"column":93}},{"start":{"line":258,"column":96},"end":{"line":258,"column":100}}],"line":258},"44":{"loc":{"start":{"line":259,"column":8},"end":{"line":259,"column":null}},"type":"if","locations":[{"start":{"line":259,"column":8},"end":{"line":259,"column":null}},{"start":{},"end":{}}],"line":259},"45":{"loc":{"start":{"line":280,"column":6},"end":{"line":292,"column":null}},"type":"if","locations":[{"start":{"line":280,"column":6},"end":{"line":292,"column":null}},{"start":{"line":285,"column":13},"end":{"line":292,"column":null}}],"line":280},"46":{"loc":{"start":{"line":283,"column":63},"end":{"line":283,"column":97}},"type":"cond-expr","locations":[{"start":{"line":283,"column":73},"end":{"line":283,"column":82}},{"start":{"line":283,"column":85},"end":{"line":283,"column":97}}],"line":283},"47":{"loc":{"start":{"line":284,"column":28},"end":{"line":284,"column":62}},"type":"cond-expr","locations":[{"start":{"line":284,"column":38},"end":{"line":284,"column":47}},{"start":{"line":284,"column":50},"end":{"line":284,"column":62}}],"line":284},"48":{"loc":{"start":{"line":285,"column":13},"end":{"line":292,"column":null}},"type":"if","locations":[{"start":{"line":285,"column":13},"end":{"line":292,"column":null}},{"start":{"line":288,"column":13},"end":{"line":292,"column":null}}],"line":285},"49":{"loc":{"start":{"line":285,"column":17},"end":{"line":285,"column":70}},"type":"binary-expr","locations":[{"start":{"line":285,"column":17},"end":{"line":285,"column":44}},{"start":{"line":285,"column":48},"end":{"line":285,"column":70}}],"line":285},"50":{"loc":{"start":{"line":296,"column":76},"end":{"line":296,"column":107}},"type":"cond-expr","locations":[{"start":{"line":296,"column":92},"end":{"line":296,"column":100}},{"start":{"line":296,"column":103},"end":{"line":296,"column":107}}],"line":296},"51":{"loc":{"start":{"line":297,"column":8},"end":{"line":297,"column":null}},"type":"if","locations":[{"start":{"line":297,"column":8},"end":{"line":297,"column":null}},{"start":{},"end":{}}],"line":297},"52":{"loc":{"start":{"line":308,"column":18},"end":{"line":308,"column":58}},"type":"binary-expr","locations":[{"start":{"line":308,"column":18},"end":{"line":308,"column":52}},{"start":{"line":308,"column":56},"end":{"line":308,"column":58}}],"line":308},"53":{"loc":{"start":{"line":309,"column":2},"end":{"line":309,"column":null}},"type":"if","locations":[{"start":{"line":309,"column":2},"end":{"line":309,"column":null}},{"start":{},"end":{}}],"line":309},"54":{"loc":{"start":{"line":310,"column":41},"end":{"line":310,"column":52}},"type":"binary-expr","locations":[{"start":{"line":310,"column":41},"end":{"line":310,"column":47}},{"start":{"line":310,"column":51},"end":{"line":310,"column":52}}],"line":310},"55":{"loc":{"start":{"line":334,"column":6},"end":{"line":335,"column":null}},"type":"binary-expr","locations":[{"start":{"line":334,"column":6},"end":{"line":334,"column":41}},{"start":{"line":335,"column":6},"end":{"line":335,"column":null}}],"line":334},"56":{"loc":{"start":{"line":337,"column":4},"end":{"line":337,"column":null}},"type":"if","locations":[{"start":{"line":337,"column":4},"end":{"line":337,"column":null}},{"start":{},"end":{}}],"line":337}},"s":{"0":1,"1":1,"2":2,"3":2,"4":3,"5":3,"6":8,"7":8,"8":8,"9":2,"10":8,"11":3,"12":3,"13":3,"14":3,"15":0,"16":0,"17":3,"18":3,"19":3,"20":3,"21":2,"22":1,"23":5,"24":1,"25":4,"26":5,"27":3,"28":5,"29":4,"30":1,"31":3,"32":3,"33":3,"34":3,"35":1,"36":2,"37":9,"38":3,"39":3,"40":3,"41":13,"42":8,"43":8,"44":1,"45":7,"46":4,"47":3,"48":1,"49":2,"50":6,"51":6,"52":6,"53":29,"54":29,"55":9,"56":20,"57":20,"58":20,"59":6,"60":2,"61":4,"62":1,"63":3,"64":1,"65":1,"66":1,"67":10,"68":10,"69":56,"70":47,"71":9,"72":10,"73":3,"74":3,"75":9,"76":9,"77":9,"78":9,"79":1,"80":8,"81":5,"82":3,"83":2,"84":1,"85":5,"86":5,"87":5,"88":5,"89":3,"90":3,"91":3,"92":3,"93":3,"94":3,"95":3,"96":1,"97":1,"98":2,"99":2,"100":7,"101":2,"102":12,"103":12,"104":1,"105":11,"106":11,"107":2,"108":2,"109":2,"110":2,"111":1,"112":2,"113":2,"114":2,"115":1,"116":1,"117":1,"118":2,"119":1,"120":2,"121":2,"122":2,"123":2,"124":2,"125":2,"126":2,"127":2,"128":2,"129":2,"130":5,"131":5,"132":5,"133":6,"134":5,"135":2,"136":2,"137":2,"138":3,"139":1,"140":1,"141":2,"142":2,"143":5,"144":1,"145":1,"146":1,"147":1,"148":5,"149":11,"150":4,"151":4,"152":2,"153":2,"154":3,"155":1,"156":1,"157":1,"158":1,"159":4,"160":8,"161":4,"162":8,"163":4,"164":4,"165":4,"166":4,"167":3,"168":4,"169":2,"170":4},"f":{"0":2,"1":3,"2":8,"3":3,"4":0,"5":5,"6":3,"7":5,"8":4,"9":3,"10":9,"11":3,"12":13,"13":8,"14":6,"15":29,"16":1,"17":10,"18":3,"19":9,"20":5,"21":3,"22":7,"23":2,"24":12,"25":2,"26":2,"27":2,"28":2,"29":2,"30":6,"31":1,"32":4,"33":3,"34":1,"35":4,"36":8,"37":8,"38":4,"39":3},"b":{"0":[2,1],"1":[3,1],"2":[3,2],"3":[8],"4":[8,3],"5":[2,6],"6":[3,5],"7":[3,0],"8":[0,0],"9":[3,1],"10":[3,2],"11":[2,1],"12":[1,4],"13":[5,0],"14":[3],"15":[1,3],"16":[1,2],"17":[3,1],"18":[9,1],"19":[13,3],"20":[1,7],"21":[8,2],"22":[4,3],"23":[7,6,5,4],"24":[1,2],"25":[9,20],"26":[20,0],"27":[20,7],"28":[13,7],"29":[2,4],"30":[1,3],"31":[47,9],"32":[3,1],"33":[1,8],"34":[5,3],"35":[2,1],"36":[1,2],"37":[1,11],"38":[11,2,2,5],"39":[1,1],"40":[1,1],"41":[1,1],"42":[2,1],"43":[1,0],"44":[1,1],"45":[2,3],"46":[1,1],"47":[1,1],"48":[1,2],"49":[3,2],"50":[1,0],"51":[1,0],"52":[4,2],"53":[2,2],"54":[3,0],"55":[3,2],"56":[2,2]},"meta":{"lastBranch":57,"lastFunction":40,"lastStatement":171,"seen":{"s:5:12:15:1":0,"s:18:21:28:1":1,"f:31:16:31:28":0,"s:32:15:32:54":2,"s:33:2:33:Infinity":3,"b:33:10:33:23:33:27:33:29":0,"f:37:16:37:25":1,"s:38:18:38:58":4,"b:38:18:38:52:38:56:38:58":1,"s:39:2:39:Infinity":5,"b:39:9:39:37:39:41:39:70":2,"f:44:16:44:25":2,"b:44:64:44:68":3,"s:46:21:46:60":6,"s:48:22:48:47":7,"b:48:22:48:41:48:45:48:47":4,"b:51:2:51:Infinity:undefined:undefined:undefined:undefined":5,"s:51:2:51:Infinity":8,"s:51:23:51:Infinity":9,"b:54:2:73:Infinity:undefined:undefined:undefined:undefined":6,"s:54:2:73:Infinity":10,"s:56:19:56:63":11,"f:56:40:56:41":3,"s:56:45:56:62":12,"b:60:4:64:Infinity:62:11:64:Infinity":7,"s:60:4:64:Infinity":13,"s:61:6:61:Infinity":14,"s:63:6:63:Infinity":15,"f:63:40:63:41":4,"s:63:45:63:65":16,"b:63:45:63:60:63:64:63:65":8,"s:67:23:67:58":17,"s:68:24:68:47":18,"b:68:24:68:41:68:45:68:47":9,"s:69:24:69:89":19,"b:69:24:69:52:69:56:69:89":10,"b:71:4:71:Infinity:undefined:undefined:undefined:undefined":11,"s:71:4:71:Infinity":20,"s:71:19:71:Infinity":21,"s:72:4:72:Infinity":22,"b:76:2:76:Infinity:undefined:undefined:undefined:undefined":12,"s:76:2:76:Infinity":23,"s:76:34:76:Infinity":24,"s:78:2:78:Infinity":25,"f:78:39:78:40":5,"s:78:44:78:64":26,"b:78:44:78:59:78:63:78:64":13,"f:82:16:82:29":6,"b:82:57:82:58":14,"s:83:2:83:Infinity":27,"f:83:27:83:29":7,"s:83:33:83:53":28,"f:89:16:89:31":8,"b:90:2:90:Infinity:undefined:undefined:undefined:undefined":15,"s:90:2:90:Infinity":29,"s:90:30:90:Infinity":30,"s:92:18:92:35":31,"s:93:2:97:Infinity":32,"f:93:24:93:26":9,"s:94:21:94:34":33,"b:95:4:95:Infinity:undefined:undefined:undefined:undefined":16,"s:95:4:95:Infinity":34,"b:95:8:95:36:95:40:95:68":17,"s:95:70:95:Infinity":35,"s:96:4:96:Infinity":36,"f:96:43:96:44":10,"s:96:48:96:94":37,"b:96:48:96:69:96:73:96:94":18,"f:101:16:101:33":11,"s:102:20:102:41":38,"s:103:19:103:45":39,"s:104:2:104:Infinity":40,"f:104:24:104:25":12,"s:104:29:104:81":41,"b:104:29:104:53:104:57:104:81":19,"f:108:16:108:41":13,"s:109:12:109:21":42,"b:110:2:110:Infinity:undefined:undefined:undefined:undefined":20,"s:110:2:110:Infinity":43,"b:110:6:110:24:110:28:110:47":21,"s:110:49:110:Infinity":44,"b:111:2:111:Infinity:undefined:undefined:undefined:undefined":22,"s:111:2:111:Infinity":45,"b:111:6:111:14:111:18:111:26:111:30:111:39:111:43:111:54":23,"s:111:56:111:Infinity":46,"b:112:2:112:Infinity:undefined:undefined:undefined:undefined":24,"s:112:2:112:Infinity":47,"s:112:26:112:Infinity":48,"s:113:2:113:Infinity":49,"f:116:16:116:30":14,"s:117:20:117:21":50,"s:118:20:118:21":51,"s:120:2:129:Infinity":52,"f:120:18:120:20":15,"s:121:14:121:23":53,"b:122:4:128:Infinity:124:11:128:Infinity":25,"s:122:4:128:Infinity":54,"s:123:6:123:Infinity":55,"b:124:11:128:Infinity:undefined:undefined:undefined:undefined":26,"s:124:11:128:Infinity":56,"s:126:19:126:62":57,"b:126:19:126:41:126:45:126:62":27,"s:127:6:127:Infinity":58,"b:127:27:127:30:127:33:127:34":28,"b:131:2:131:Infinity:undefined:undefined:undefined:undefined":29,"s:131:2:131:Infinity":59,"s:131:23:131:Infinity":60,"b:132:2:132:Infinity:undefined:undefined:undefined:undefined":30,"s:132:2:132:Infinity":61,"s:132:23:132:Infinity":62,"s:133:2:133:Infinity":63,"f:137:16:137:29":16,"s:138:2:138:Infinity":64,"s:144:12:156:1":65,"s:159:20:159:59":66,"f:162:16:162:28":17,"s:163:12:163:13":67,"s:164:2:167:Infinity":68,"b:165:4:166:Infinity:166:9:166:Infinity":31,"s:165:4:166:Infinity":69,"s:165:17:165:Infinity":70,"s:166:9:166:Infinity":71,"s:168:2:168:Infinity":72,"f:173:16:173:25":18,"s:174:14:174:30":73,"s:175:2:175:Infinity":74,"b:175:9:175:25:175:29:175:33":32,"f:179:16:179:29":19,"s:180:14:180:47":75,"s:181:15:181:29":76,"s:182:15:182:25":77,"b:184:2:184:31:undefined:undefined:undefined:undefined":33,"s:184:2:184:31":78,"s:184:22:184:31":79,"b:185:2:185:36:undefined:undefined:undefined:undefined":34,"s:185:2:185:36":80,"s:185:22:185:36":81,"b:186:2:186:32:undefined:undefined:undefined:undefined":35,"s:186:2:186:32":82,"s:186:22:186:32":83,"s:187:2:187:16":84,"f:191:16:191:34":20,"s:192:12:192:13":85,"s:193:2:195:Infinity":86,"s:194:4:194:Infinity":87,"s:196:2:196:Infinity":88,"f:202:16:202:30":21,"s:203:14:203:50":89,"s:204:14:204:30":90,"s:205:14:205:22":91,"s:208:14:208:23":92,"s:209:14:209:16":93,"s:211:2:211:Infinity":94,"b:213:2:216:Infinity:undefined:undefined:undefined:undefined":36,"s:213:2:216:Infinity":95,"s:214:4:214:Infinity":96,"s:215:4:215:Infinity":97,"s:217:2:217:Infinity":98,"s:218:2:218:Infinity":99,"f:222:9:222:16":22,"s:223:2:223:Infinity":100,"f:227:9:227:15":23,"s:228:2:228:Infinity":101,"f:236:16:236:31":24,"s:237:17:237:19":102,"b:238:2:238:38:undefined:undefined:undefined:undefined":37,"s:238:2:238:38":103,"s:238:24:238:38":104,"s:240:20:240:26":105,"b:243:4:251:Infinity:253:4:262:Infinity:264:4:272:Infinity:274:4:300:Infinity":38,"s:242:2:301:Infinity":106,"s:245:6:249:Infinity":107,"f:245:22:245:23":25,"s:246:19:246:32":108,"s:247:8:247:Infinity":109,"b:247:86:247:94:247:97:247:101":39,"b:248:8:248:Infinity:undefined:undefined:undefined:undefined":40,"s:248:8:248:Infinity":110,"s:248:27:248:Infinity":111,"s:250:6:250:Infinity":112,"s:255:6:260:Infinity":113,"f:255:22:255:23":26,"b:256:8:256:Infinity:undefined:undefined:undefined:undefined":41,"s:256:8:256:Infinity":114,"b:256:12:256:20:256:24:256:32":42,"s:256:34:256:Infinity":115,"s:257:19:257:28":116,"s:258:8:258:Infinity":117,"b:258:85:258:93:258:96:258:100":43,"b:259:8:259:Infinity:undefined:undefined:undefined:undefined":44,"s:259:8:259:Infinity":118,"s:259:27:259:Infinity":119,"s:261:6:261:Infinity":120,"s:266:24:266:68":121,"f:266:42:266:43":27,"s:266:48:266:67":122,"s:267:24:267:44":123,"s:268:24:268:41":124,"s:269:6:269:Infinity":125,"f:269:21:269:22":28,"s:269:29:269:56":126,"s:270:6:270:Infinity":127,"f:270:24:270:25":29,"s:270:29:270:52":128,"s:271:6:271:Infinity":129,"s:276:21:276:63":130,"s:277:21:277:33":131,"s:278:21:278:56":132,"f:278:36:278:37":30,"s:278:46:278:55":133,"b:280:6:292:Infinity:285:13:292:Infinity":45,"s:280:6:292:Infinity":134,"s:282:19:282:27":135,"s:283:8:283:Infinity":136,"b:283:73:283:82:283:85:283:97":46,"s:284:8:284:Infinity":137,"b:284:38:284:47:284:50:284:62":47,"b:285:13:292:Infinity:288:13:292:Infinity":48,"s:285:13:292:Infinity":138,"b:285:17:285:44:285:48:285:70":49,"s:286:8:286:Infinity":139,"s:287:8:287:Infinity":140,"s:290:8:290:Infinity":141,"s:291:8:291:Infinity":142,"s:294:6:298:Infinity":143,"f:294:21:294:22":31,"s:295:19:295:32":144,"s:296:8:296:Infinity":145,"b:296:92:296:100:296:103:296:107":50,"b:297:8:297:Infinity:undefined:undefined:undefined:undefined":51,"s:297:8:297:Infinity":146,"s:297:27:297:Infinity":147,"s:299:6:299:Infinity":148,"s:303:2:303:Infinity":149,"f:307:16:307:23":32,"s:308:18:308:58":150,"b:308:18:308:52:308:56:308:58":52,"b:309:2:309:Infinity:undefined:undefined:undefined:undefined":53,"s:309:2:309:Infinity":151,"s:309:28:309:Infinity":152,"s:310:2:310:Infinity":153,"f:310:36:310:37":33,"s:310:41:310:52":154,"b:310:41:310:47:310:51:310:52":54,"f:317:16:317:27":34,"s:318:18:318:36":155,"s:319:18:319:64":156,"s:320:18:320:51":157,"s:321:2:321:Infinity":158,"f:325:16:325:40":35,"s:326:21:326:74":159,"f:326:40:326:42":36,"s:326:46:326:73":160,"s:327:21:327:73":161,"f:327:40:327:42":37,"s:327:46:327:72":162,"s:328:21:328:23":163,"s:330:2:338:Infinity":164,"f:330:15:330:20":38,"s:331:22:331:38":165,"s:333:22:336:5":166,"f:333:35:333:38":39,"s:334:6:335:Infinity":167,"b:334:6:334:41:335:6:335:Infinity":55,"b:337:4:337:Infinity:undefined:undefined:undefined:undefined":56,"s:337:4:337:Infinity":168,"s:337:19:337:Infinity":169,"s:340:2:340:Infinity":170}}}
}
